$ umask 022 && mkdir -p "/work/tmp/work/aarch64-linux/rust-native/1.63.0-r0/image/work/tmp/work/corstone1000_fvp-poky-linux-musl/trusted-firmware-m/1.6.0-r0/recipe-sysroot-native/usr/lib/rustlib"
$ echo "3" > "/work/tmp/work/aarch64-linux/rust-native/1.63.0-r0/image/work/tmp/work/corstone1000_fvp-poky-linux-musl/trusted-firmware-m/1.6.0-r0/recipe-sysroot-native/usr/lib/rustlib/rust-installer-version"
install: creating uninstall script at /work/tmp/work/aarch64-linux/rust-native/1.63.0-r0/image/work/tmp/work/corstone1000_fvp-poky-linux-musl/trusted-firmware-m/1.6.0-r0/recipe-sysroot-native/usr/lib/rustlib/uninstall.sh
$ cp /work/tmp/work/aarch64-linux/rust-native/1.63.0-r0/rustc-1.63.0-src/build/tmp/tarball/rustc/aarch64-linux-gnu/rustc-1.63.0-aarch64-linux-gnu/install.sh /work/tmp/work/aarch64-linux/rust-native/1.63.0-r0/image/work/tmp/work/corstone1000_fvp-poky-linux-musl/trusted-firmware-m/1.6.0-r0/recipe-sysroot-native/usr/lib/rustlib/uninstall.sh
install: installing component 'rustc'
$ echo "rustc" >> "/work/tmp/work/aarch64-linux/rust-native/1.63.0-r0/image/work/tmp/work/corstone1000_fvp-poky-linux-musl/trusted-firmware-m/1.6.0-r0/recipe-sysroot-native/usr/lib/rustlib/components"
$ umask 022 && mkdir -p "/work/tmp/work/aarch64-linux/rust-native/1.63.0-r0/image/work/tmp/work/corstone1000_fvp-poky-linux-musl/trusted-firmware-m/1.6.0-r0/recipe-sysroot-native/usr/share/doc/rust"
install: copying file /work/tmp/work/aarch64-linux/rust-native/1.63.0-r0/image/work/tmp/work/corstone1000_fvp-poky-linux-musl/trusted-firmware-m/1.6.0-r0/recipe-sysroot-native/usr/share/doc/rust/README.md
$ cp /work/tmp/work/aarch64-linux/rust-native/1.63.0-r0/rustc-1.63.0-src/build/tmp/tarball/rustc/aarch64-linux-gnu/rustc-1.63.0-aarch64-linux-gnu/rustc/share/doc/rust/README.md /work/tmp/work/aarch64-linux/rust-native/1.63.0-r0/image/work/tmp/work/corstone1000_fvp-poky-linux-musl/trusted-firmware-m/1.6.0-r0/recipe-sysroot-native/usr/share/doc/rust/README.md
$ chmod 644 /work/tmp/work/aarch64-linux/rust-native/1.63.0-r0/image/work/tmp/work/corstone1000_fvp-poky-linux-musl/trusted-firmware-m/1.6.0-r0/recipe-sysroot-native/usr/share/doc/rust/README.md
$ echo "file:/work/tmp/work/aarch64-linux/rust-native/1.63.0-r0/image/work/tmp/work/corstone1000_fvp-poky-linux-musl/trusted-firmware-m/1.6.0-r0/recipe-sysroot-native/usr/share/doc/rust/README.md" >> "/work/tmp/work/aarch64-linux/rust-native/1.63.0-r0/image/work/tmp/work/corstone1000_fvp-poky-linux-musl/trusted-firmware-m/1.6.0-r0/recipe-sysroot-native/usr/lib/rustlib/manifest-rustc"
$ umask 022 && mkdir -p "/work/tmp/work/aarch64-linux/rust-native/1.63.0-r0/image/work/tmp/work/corstone1000_fvp-poky-linux-musl/trusted-firmware-m/1.6.0-r0/recipe-sysroot-native/usr/share/doc/rust"
install: copying file /work/tmp/work/aarch64-linux/rust-native/1.63.0-r0/image/work/tmp/work/corstone1000_fvp-poky-linux-musl/trusted-firmware-m/1.6.0-r0/recipe-sysroot-native/usr/share/doc/rust/LICENSE-APACHE
$ cp /work/tmp/work/aarch64-linux/rust-native/1.63.0-r0/rustc-1.63.0-src/build/tmp/tarball/rustc/aarch64-linux-gnu/rustc-1.63.0-aarch64-linux-gnu/rustc/share/doc/rust/LICENSE-APACHE /work/tmp/work/aarch64-linux/rust-native/1.63.0-r0/image/work/tmp/work/corstone1000_fvp-poky-linux-musl/trusted-firmware-m/1.6.0-r0/recipe-sysroot-native/usr/share/doc/rust/LICENSE-APACHE
$ chmod 644 /work/tmp/work/aarch64-linux/rust-native/1.63.0-r0/image/work/tmp/work/corstone1000_fvp-poky-linux-musl/trusted-firmware-m/1.6.0-r0/recipe-sysroot-native/usr/share/doc/rust/LICENSE-APACHE
$ echo "file:/work/tmp/work/aarch64-linux/rust-native/1.63.0-r0/image/work/tmp/work/corstone1000_fvp-poky-linux-musl/trusted-firmware-m/1.6.0-r0/recipe-sysroot-native/usr/share/doc/rust/LICENSE-APACHE" >> "/work/tmp/work/aarch64-linux/rust-native/1.63.0-r0/image/work/tmp/work/corstone1000_fvp-poky-linux-musl/trusted-firmware-m/1.6.0-r0/recipe-sysroot-native/usr/lib/rustlib/manifest-rustc"
$ umask 022 && mkdir -p "/work/tmp/work/aarch64-linux/rust-native/1.63.0-r0/image/work/tmp/work/corstone1000_fvp-poky-linux-musl/trusted-firmware-m/1.6.0-r0/recipe-sysroot-native/usr/share/doc/rust"
install: copying file /work/tmp/work/aarch64-linux/rust-native/1.63.0-r0/image/work/tmp/work/corstone1000_fvp-poky-linux-musl/trusted-firmware-m/1.6.0-r0/recipe-sysroot-native/usr/share/doc/rust/LICENSE-MIT
$ cp /work/tmp/work/aarch64-linux/rust-native/1.63.0-r0/rustc-1.63.0-src/build/tmp/tarball/rustc/aarch64-linux-gnu/rustc-1.63.0-aarch64-linux-gnu/rustc/share/doc/rust/LICENSE-MIT /work/tmp/work/aarch64-linux/rust-native/1.63.0-r0/image/work/tmp/work/corstone1000_fvp-poky-linux-musl/trusted-firmware-m/1.6.0-r0/recipe-sysroot-native/usr/share/doc/rust/LICENSE-MIT
$ chmod 644 /work/tmp/work/aarch64-linux/rust-native/1.63.0-r0/image/work/tmp/work/corstone1000_fvp-poky-linux-musl/trusted-firmware-m/1.6.0-r0/recipe-sysroot-native/usr/share/doc/rust/LICENSE-MIT
$ echo "file:/work/tmp/work/aarch64-linux/rust-native/1.63.0-r0/image/work/tmp/work/corstone1000_fvp-poky-linux-musl/trusted-firmware-m/1.6.0-r0/recipe-sysroot-native/usr/share/doc/rust/LICENSE-MIT" >> "/work/tmp/work/aarch64-linux/rust-native/1.63.0-r0/image/work/tmp/work/corstone1000_fvp-poky-linux-musl/trusted-firmware-m/1.6.0-r0/recipe-sysroot-native/usr/lib/rustlib/manifest-rustc"
$ umask 022 && mkdir -p "/work/tmp/work/aarch64-linux/rust-native/1.63.0-r0/image/work/tmp/work/corstone1000_fvp-poky-linux-musl/trusted-firmware-m/1.6.0-r0/recipe-sysroot-native/usr/share/doc/rust"
install: copying file /work/tmp/work/aarch64-linux/rust-native/1.63.0-r0/image/work/tmp/work/corstone1000_fvp-poky-linux-musl/trusted-firmware-m/1.6.0-r0/recipe-sysroot-native/usr/share/doc/rust/COPYRIGHT
$ cp /work/tmp/work/aarch64-linux/rust-native/1.63.0-r0/rustc-1.63.0-src/build/tmp/tarball/rustc/aarch64-linux-gnu/rustc-1.63.0-aarch64-linux-gnu/rustc/share/doc/rust/COPYRIGHT /work/tmp/work/aarch64-linux/rust-native/1.63.0-r0/image/work/tmp/work/corstone1000_fvp-poky-linux-musl/trusted-firmware-m/1.6.0-r0/recipe-sysroot-native/usr/share/doc/rust/COPYRIGHT
$ chmod 644 /work/tmp/work/aarch64-linux/rust-native/1.63.0-r0/image/work/tmp/work/corstone1000_fvp-poky-linux-musl/trusted-firmware-m/1.6.0-r0/recipe-sysroot-native/usr/share/doc/rust/COPYRIGHT
$ echo "file:/work/tmp/work/aarch64-linux/rust-native/1.63.0-r0/image/work/tmp/work/corstone1000_fvp-poky-linux-musl/trusted-firmware-m/1.6.0-r0/recipe-sysroot-native/usr/share/doc/rust/COPYRIGHT" >> "/work/tmp/work/aarch64-linux/rust-native/1.63.0-r0/image/work/tmp/work/corstone1000_fvp-poky-linux-musl/trusted-firmware-m/1.6.0-r0/recipe-sysroot-native/usr/lib/rustlib/manifest-rustc"
$ umask 022 && mkdir -p "/work/tmp/work/aarch64-linux/rust-native/1.63.0-r0/image/work/tmp/work/corstone1000_fvp-poky-linux-musl/trusted-firmware-m/1.6.0-r0/recipe-sysroot-native/usr/share/man/man1"
install: copying file /work/tmp/work/aarch64-linux/rust-native/1.63.0-r0/image/work/tmp/work/corstone1000_fvp-poky-linux-musl/trusted-firmware-m/1.6.0-r0/recipe-sysroot-native/usr/share/man/man1/rustdoc.1
$ cp /work/tmp/work/aarch64-linux/rust-native/1.63.0-r0/rustc-1.63.0-src/build/tmp/tarball/rustc/aarch64-linux-gnu/rustc-1.63.0-aarch64-linux-gnu/rustc/share/man/man1/rustdoc.1 /work/tmp/work/aarch64-linux/rust-native/1.63.0-r0/image/work/tmp/work/corstone1000_fvp-poky-linux-musl/trusted-firmware-m/1.6.0-r0/recipe-sysroot-native/usr/share/man/man1/rustdoc.1
$ chmod 644 /work/tmp/work/aarch64-linux/rust-native/1.63.0-r0/image/work/tmp/work/corstone1000_fvp-poky-linux-musl/trusted-firmware-m/1.6.0-r0/recipe-sysroot-native/usr/share/man/man1/rustdoc.1
$ echo "file:/work/tmp/work/aarch64-linux/rust-native/1.63.0-r0/image/work/tmp/work/corstone1000_fvp-poky-linux-musl/trusted-firmware-m/1.6.0-r0/recipe-sysroot-native/usr/share/man/man1/rustdoc.1" >> "/work/tmp/work/aarch64-linux/rust-native/1.63.0-r0/image/work/tmp/work/corstone1000_fvp-poky-linux-musl/trusted-firmware-m/1.6.0-r0/recipe-sysroot-native/usr/lib/rustlib/manifest-rustc"
$ umask 022 && mkdir -p "/work/tmp/work/aarch64-linux/rust-native/1.63.0-r0/image/work/tmp/work/corstone1000_fvp-poky-linux-musl/trusted-firmware-m/1.6.0-r0/recipe-sysroot-native/usr/share/man/man1"
install: copying file /work/tmp/work/aarch64-linux/rust-native/1.63.0-r0/image/work/tmp/work/corstone1000_fvp-poky-linux-musl/trusted-firmware-m/1.6.0-r0/recipe-sysroot-native/usr/share/man/man1/rustc.1
$ cp /work/tmp/work/aarch64-linux/rust-native/1.63.0-r0/rustc-1.63.0-src/build/tmp/tarball/rustc/aarch64-linux-gnu/rustc-1.63.0-aarch64-linux-gnu/rustc/share/man/man1/rustc.1 /work/tmp/work/aarch64-linux/rust-native/1.63.0-r0/image/work/tmp/work/corstone1000_fvp-poky-linux-musl/trusted-firmware-m/1.6.0-r0/recipe-sysroot-native/usr/share/man/man1/rustc.1
$ chmod 644 /work/tmp/work/aarch64-linux/rust-native/1.63.0-r0/image/work/tmp/work/corstone1000_fvp-poky-linux-musl/trusted-firmware-m/1.6.0-r0/recipe-sysroot-native/usr/share/man/man1/rustc.1
$ echo "file:/work/tmp/work/aarch64-linux/rust-native/1.63.0-r0/image/work/tmp/work/corstone1000_fvp-poky-linux-musl/trusted-firmware-m/1.6.0-r0/recipe-sysroot-native/usr/share/man/man1/rustc.1" >> "/work/tmp/work/aarch64-linux/rust-native/1.63.0-r0/image/work/tmp/work/corstone1000_fvp-poky-linux-musl/trusted-firmware-m/1.6.0-r0/recipe-sysroot-native/usr/lib/rustlib/manifest-rustc"
$ umask 022 && mkdir -p "/work/tmp/work/aarch64-linux/rust-native/1.63.0-r0/image/work/tmp/work/corstone1000_fvp-poky-linux-musl/trusted-firmware-m/1.6.0-r0/recipe-sysroot-native/usr/lib"
install: copying file /work/tmp/work/aarch64-linux/rust-native/1.63.0-r0/image/work/tmp/work/corstone1000_fvp-poky-linux-musl/trusted-firmware-m/1.6.0-r0/recipe-sysroot-native/usr/lib/libserde_derive-76160b3d45d826da.so
$ cp /work/tmp/work/aarch64-linux/rust-native/1.63.0-r0/rustc-1.63.0-src/build/tmp/tarball/rustc/aarch64-linux-gnu/rustc-1.63.0-aarch64-linux-gnu/rustc/lib/libserde_derive-76160b3d45d826da.so /work/tmp/work/aarch64-linux/rust-native/1.63.0-r0/image/work/tmp/work/corstone1000_fvp-poky-linux-musl/trusted-firmware-m/1.6.0-r0/recipe-sysroot-native/usr/lib/libserde_derive-76160b3d45d826da.so
$ chmod 644 /work/tmp/work/aarch64-linux/rust-native/1.63.0-r0/image/work/tmp/work/corstone1000_fvp-poky-linux-musl/trusted-firmware-m/1.6.0-r0/recipe-sysroot-native/usr/lib/libserde_derive-76160b3d45d826da.so
$ echo "file:/work/tmp/work/aarch64-linux/rust-native/1.63.0-r0/image/work/tmp/work/corstone1000_fvp-poky-linux-musl/trusted-firmware-m/1.6.0-r0/recipe-sysroot-native/usr/lib/libserde_derive-76160b3d45d826da.so" >> "/work/tmp/work/aarch64-linux/rust-native/1.63.0-r0/image/work/tmp/work/corstone1000_fvp-poky-linux-musl/trusted-firmware-m/1.6.0-r0/recipe-sysroot-native/usr/lib/rustlib/manifest-rustc"
$ umask 022 && mkdir -p "/work/tmp/work/aarch64-linux/rust-native/1.63.0-r0/image/work/tmp/work/corstone1000_fvp-poky-linux-musl/trusted-firmware-m/1.6.0-r0/recipe-sysroot-native/usr/lib"
install: copying file /work/tmp/work/aarch64-linux/rust-native/1.63.0-r0/image/work/tmp/work/corstone1000_fvp-poky-linux-musl/trusted-firmware-m/1.6.0-r0/recipe-sysroot-native/usr/lib/libchalk_derive-16212c11337d34d6.so
$ cp /work/tmp/work/aarch64-linux/rust-native/1.63.0-r0/rustc-1.63.0-src/build/tmp/tarball/rustc/aarch64-linux-gnu/rustc-1.63.0-aarch64-linux-gnu/rustc/lib/libchalk_derive-16212c11337d34d6.so /work/tmp/work/aarch64-linux/rust-native/1.63.0-r0/image/work/tmp/work/corstone1000_fvp-poky-linux-musl/trusted-firmware-m/1.6.0-r0/recipe-sysroot-native/usr/lib/libchalk_derive-16212c11337d34d6.so
$ chmod 644 /work/tmp/work/aarch64-linux/rust-native/1.63.0-r0/image/work/tmp/work/corstone1000_fvp-poky-linux-musl/trusted-firmware-m/1.6.0-r0/recipe-sysroot-native/usr/lib/libchalk_derive-16212c11337d34d6.so
$ echo "file:/work/tmp/work/aarch64-linux/rust-native/1.63.0-r0/image/work/tmp/work/corstone1000_fvp-poky-linux-musl/trusted-firmware-m/1.6.0-r0/recipe-sysroot-native/usr/lib/libchalk_derive-16212c11337d34d6.so" >> "/work/tmp/work/aarch64-linux/rust-native/1.63.0-r0/image/work/tmp/work/corstone1000_fvp-poky-linux-musl/trusted-firmware-m/1.6.0-r0/recipe-sysroot-native/usr/lib/rustlib/manifest-rustc"
$ umask 022 && mkdir -p "/work/tmp/work/aarch64-linux/rust-native/1.63.0-r0/image/work/tmp/work/corstone1000_fvp-poky-linux-musl/trusted-firmware-m/1.6.0-r0/recipe-sysroot-native/usr/lib"
install: copying file /work/tmp/work/aarch64-linux/rust-native/1.63.0-r0/image/work/tmp/work/corstone1000_fvp-poky-linux-musl/trusted-firmware-m/1.6.0-r0/recipe-sysroot-native/usr/lib/libunic_langid_macros_impl-af5f78a43ffbd963.so
$ cp /work/tmp/work/aarch64-linux/rust-native/1.63.0-r0/rustc-1.63.0-src/build/tmp/tarball/rustc/aarch64-linux-gnu/rustc-1.63.0-aarch64-linux-gnu/rustc/lib/libunic_langid_macros_impl-af5f78a43ffbd963.so /work/tmp/work/aarch64-linux/rust-native/1.63.0-r0/image/work/tmp/work/corstone1000_fvp-poky-linux-musl/trusted-firmware-m/1.6.0-r0/recipe-sysroot-native/usr/lib/libunic_langid_macros_impl-af5f78a43ffbd963.so
$ chmod 644 /work/tmp/work/aarch64-linux/rust-native/1.63.0-r0/image/work/tmp/work/corstone1000_fvp-poky-linux-musl/trusted-firmware-m/1.6.0-r0/recipe-sysroot-native/usr/lib/libunic_langid_macros_impl-af5f78a43ffbd963.so
$ echo "file:/work/tmp/work/aarch64-linux/rust-native/1.63.0-r0/image/work/tmp/work/corstone1000_fvp-poky-linux-musl/trusted-firmware-m/1.6.0-r0/recipe-sysroot-native/usr/lib/libunic_langid_macros_impl-af5f78a43ffbd963.so" >> "/work/tmp/work/aarch64-linux/rust-native/1.63.0-r0/image/work/tmp/work/corstone1000_fvp-poky-linux-musl/trusted-firmware-m/1.6.0-r0/recipe-sysroot-native/usr/lib/rustlib/manifest-rustc"
$ umask 022 && mkdir -p "/work/tmp/work/aarch64-linux/rust-native/1.63.0-r0/image/work/tmp/work/corstone1000_fvp-poky-linux-musl/trusted-firmware-m/1.6.0-r0/recipe-sysroot-native/usr/lib"
install: copying file /work/tmp/work/aarch64-linux/rust-native/1.63.0-r0/image/work/tmp/work/corstone1000_fvp-poky-linux-musl/trusted-firmware-m/1.6.0-r0/recipe-sysroot-native/usr/lib/libcstr-59f3f19588b40b72.so
$ cp /work/tmp/work/aarch64-linux/rust-native/1.63.0-r0/rustc-1.63.0-src/build/tmp/tarball/rustc/aarch64-linux-gnu/rustc-1.63.0-aarch64-linux-gnu/rustc/lib/libcstr-59f3f19588b40b72.so /work/tmp/work/aarch64-linux/rust-native/1.63.0-r0/image/work/tmp/work/corstone1000_fvp-poky-linux-musl/trusted-firmware-m/1.6.0-r0/recipe-sysroot-native/usr/lib/libcstr-59f3f19588b40b72.so
$ chmod 644 /work/tmp/work/aarch64-linux/rust-native/1.63.0-r0/image/work/tmp/work/corstone1000_fvp-poky-linux-musl/trusted-firmware-m/1.6.0-r0/recipe-sysroot-native/usr/lib/libcstr-59f3f19588b40b72.so
$ echo "file:/work/tmp/work/aarch64-linux/rust-native/1.63.0-r0/image/work/tmp/work/corstone1000_fvp-poky-linux-musl/trusted-firmware-m/1.6.0-r0/recipe-sysroot-native/usr/lib/libcstr-59f3f19588b40b72.so" >> "/work/tmp/work/aarch64-linux/rust-native/1.63.0-r0/image/work/tmp/work/corstone1000_fvp-poky-linux-musl/trusted-firmware-m/1.6.0-r0/recipe-sysroot-native/usr/lib/rustlib/manifest-rustc"
$ umask 022 && mkdir -p "/work/tmp/work/aarch64-linux/rust-native/1.63.0-r0/image/work/tmp/work/corstone1000_fvp-poky-linux-musl/trusted-firmware-m/1.6.0-r0/recipe-sysroot-native/usr/lib"
install: copying file /work/tmp/work/aarch64-linux/rust-native/1.63.0-r0/image/work/tmp/work/corstone1000_fvp-poky-linux-musl/trusted-firmware-m/1.6.0-r0/recipe-sysroot-native/usr/lib/librustc_macros-a88aebb470531772.so
$ cp /work/tmp/work/aarch64-linux/rust-native/1.63.0-r0/rustc-1.63.0-src/build/tmp/tarball/rustc/aarch64-linux-gnu/rustc-1.63.0-aarch64-linux-gnu/rustc/lib/librustc_macros-a88aebb470531772.so /work/tmp/work/aarch64-linux/rust-native/1.63.0-r0/image/work/tmp/work/corstone1000_fvp-poky-linux-musl/trusted-firmware-m/1.6.0-r0/recipe-sysroot-native/usr/lib/librustc_macros-a88aebb470531772.so
$ chmod 644 /work/tmp/work/aarch64-linux/rust-native/1.63.0-r0/image/work/tmp/work/corstone1000_fvp-poky-linux-musl/trusted-firmware-m/1.6.0-r0/recipe-sysroot-native/usr/lib/librustc_macros-a88aebb470531772.so
$ echo "file:/work/tmp/work/aarch64-linux/rust-native/1.63.0-r0/image/work/tmp/work/corstone1000_fvp-poky-linux-musl/trusted-firmware-m/1.6.0-r0/recipe-sysroot-native/usr/lib/librustc_macros-a88aebb470531772.so" >> "/work/tmp/work/aarch64-linux/rust-native/1.63.0-r0/image/work/tmp/work/corstone1000_fvp-poky-linux-musl/trusted-firmware-m/1.6.0-r0/recipe-sysroot-native/usr/lib/rustlib/manifest-rustc"
$ umask 022 && mkdir -p "/work/tmp/work/aarch64-linux/rust-native/1.63.0-r0/image/work/tmp/work/corstone1000_fvp-poky-linux-musl/trusted-firmware-m/1.6.0-r0/recipe-sysroot-native/usr/lib"
install: copying file /work/tmp/work/aarch64-linux/rust-native/1.63.0-r0/image/work/tmp/work/corstone1000_fvp-poky-linux-musl/trusted-firmware-m/1.6.0-r0/recipe-sysroot-native/usr/lib/libtest-e50ea9b228e073f7.so
$ cp /work/tmp/work/aarch64-linux/rust-native/1.63.0-r0/rustc-1.63.0-src/build/tmp/tarball/rustc/aarch64-linux-gnu/rustc-1.63.0-aarch64-linux-gnu/rustc/lib/libtest-e50ea9b228e073f7.so /work/tmp/work/aarch64-linux/rust-native/1.63.0-r0/image/work/tmp/work/corstone1000_fvp-poky-linux-musl/trusted-firmware-m/1.6.0-r0/recipe-sysroot-native/usr/lib/libtest-e50ea9b228e073f7.so
$ chmod 644 /work/tmp/work/aarch64-linux/rust-native/1.63.0-r0/image/work/tmp/work/corstone1000_fvp-poky-linux-musl/trusted-firmware-m/1.6.0-r0/recipe-sysroot-native/usr/lib/libtest-e50ea9b228e073f7.so
$ echo "file:/work/tmp/work/aarch64-linux/rust-native/1.63.0-r0/image/work/tmp/work/corstone1000_fvp-poky-linux-musl/trusted-firmware-m/1.6.0-r0/recipe-sysroot-native/usr/lib/libtest-e50ea9b228e073f7.so" >> "/work/tmp/work/aarch64-linux/rust-native/1.63.0-r0/image/work/tmp/work/corstone1000_fvp-poky-linux-musl/trusted-firmware-m/1.6.0-r0/recipe-sysroot-native/usr/lib/rustlib/manifest-rustc"
$ umask 022 && mkdir -p "/work/tmp/work/aarch64-linux/rust-native/1.63.0-r0/image/work/tmp/work/corstone1000_fvp-poky-linux-musl/trusted-firmware-m/1.6.0-r0/recipe-sysroot-native/usr/lib"
install: copying file /work/tmp/work/aarch64-linux/rust-native/1.63.0-r0/image/work/tmp/work/corstone1000_fvp-poky-linux-musl/trusted-firmware-m/1.6.0-r0/recipe-sysroot-native/usr/lib/libstd-aee0f8e6d4898b9d.so
$ cp /work/tmp/work/aarch64-linux/rust-native/1.63.0-r0/rustc-1.63.0-src/build/tmp/tarball/rustc/aarch64-linux-gnu/rustc-1.63.0-aarch64-linux-gnu/rustc/lib/libstd-aee0f8e6d4898b9d.so /work/tmp/work/aarch64-linux/rust-native/1.63.0-r0/image/work/tmp/work/corstone1000_fvp-poky-linux-musl/trusted-firmware-m/1.6.0-r0/recipe-sysroot-native/usr/lib/libstd-aee0f8e6d4898b9d.so
$ chmod 644 /work/tmp/work/aarch64-linux/rust-native/1.63.0-r0/image/work/tmp/work/corstone1000_fvp-poky-linux-musl/trusted-firmware-m/1.6.0-r0/recipe-sysroot-native/usr/lib/libstd-aee0f8e6d4898b9d.so
$ echo "file:/work/tmp/work/aarch64-linux/rust-native/1.63.0-r0/image/work/tmp/work/corstone1000_fvp-poky-linux-musl/trusted-firmware-m/1.6.0-r0/recipe-sysroot-native/usr/lib/libstd-aee0f8e6d4898b9d.so" >> "/work/tmp/work/aarch64-linux/rust-native/1.63.0-r0/image/work/tmp/work/corstone1000_fvp-poky-linux-musl/trusted-firmware-m/1.6.0-r0/recipe-sysroot-native/usr/lib/rustlib/manifest-rustc"
$ umask 022 && mkdir -p "/work/tmp/work/aarch64-linux/rust-native/1.63.0-r0/image/work/tmp/work/corstone1000_fvp-poky-linux-musl/trusted-firmware-m/1.6.0-r0/recipe-sysroot-native/usr/lib"
install: copying file /work/tmp/work/aarch64-linux/rust-native/1.63.0-r0/image/work/tmp/work/corstone1000_fvp-poky-linux-musl/trusted-firmware-m/1.6.0-r0/recipe-sysroot-native/usr/lib/libthiserror_impl-485182351c6dea77.so
$ cp /work/tmp/work/aarch64-linux/rust-native/1.63.0-r0/rustc-1.63.0-src/build/tmp/tarball/rustc/aarch64-linux-gnu/rustc-1.63.0-aarch64-linux-gnu/rustc/lib/libthiserror_impl-485182351c6dea77.so /work/tmp/work/aarch64-linux/rust-native/1.63.0-r0/image/work/tmp/work/corstone1000_fvp-poky-linux-musl/trusted-firmware-m/1.6.0-r0/recipe-sysroot-native/usr/lib/libthiserror_impl-485182351c6dea77.so
$ chmod 644 /work/tmp/work/aarch64-linux/rust-native/1.63.0-r0/image/work/tmp/work/corstone1000_fvp-poky-linux-musl/trusted-firmware-m/1.6.0-r0/recipe-sysroot-native/usr/lib/libthiserror_impl-485182351c6dea77.so
$ echo "file:/work/tmp/work/aarch64-linux/rust-native/1.63.0-r0/image/work/tmp/work/corstone1000_fvp-poky-linux-musl/trusted-firmware-m/1.6.0-r0/recipe-sysroot-native/usr/lib/libthiserror_impl-485182351c6dea77.so" >> "/work/tmp/work/aarch64-linux/rust-native/1.63.0-r0/image/work/tmp/work/corstone1000_fvp-poky-linux-musl/trusted-firmware-m/1.6.0-r0/recipe-sysroot-native/usr/lib/rustlib/manifest-rustc"
$ umask 022 && mkdir -p "/work/tmp/work/aarch64-linux/rust-native/1.63.0-r0/image/work/tmp/work/corstone1000_fvp-poky-linux-musl/trusted-firmware-m/1.6.0-r0/recipe-sysroot-native/usr/lib"
install: copying file /work/tmp/work/aarch64-linux/rust-native/1.63.0-r0/image/work/tmp/work/corstone1000_fvp-poky-linux-musl/trusted-firmware-m/1.6.0-r0/recipe-sysroot-native/usr/lib/librustc_driver-72866e58cb444cb5.so
$ cp /work/tmp/work/aarch64-linux/rust-native/1.63.0-r0/rustc-1.63.0-src/build/tmp/tarball/rustc/aarch64-linux-gnu/rustc-1.63.0-aarch64-linux-gnu/rustc/lib/librustc_driver-72866e58cb444cb5.so /work/tmp/work/aarch64-linux/rust-native/1.63.0-r0/image/work/tmp/work/corstone1000_fvp-poky-linux-musl/trusted-firmware-m/1.6.0-r0/recipe-sysroot-native/usr/lib/librustc_driver-72866e58cb444cb5.so
$ chmod 644 /work/tmp/work/aarch64-linux/rust-native/1.63.0-r0/image/work/tmp/work/corstone1000_fvp-poky-linux-musl/trusted-firmware-m/1.6.0-r0/recipe-sysroot-native/usr/lib/librustc_driver-72866e58cb444cb5.so
$ echo "file:/work/tmp/work/aarch64-linux/rust-native/1.63.0-r0/image/work/tmp/work/corstone1000_fvp-poky-linux-musl/trusted-firmware-m/1.6.0-r0/recipe-sysroot-native/usr/lib/librustc_driver-72866e58cb444cb5.so" >> "/work/tmp/work/aarch64-linux/rust-native/1.63.0-r0/image/work/tmp/work/corstone1000_fvp-poky-linux-musl/trusted-firmware-m/1.6.0-r0/recipe-sysroot-native/usr/lib/rustlib/manifest-rustc"
$ umask 022 && mkdir -p "/work/tmp/work/aarch64-linux/rust-native/1.63.0-r0/image/work/tmp/work/corstone1000_fvp-poky-linux-musl/trusted-firmware-m/1.6.0-r0/recipe-sysroot-native/usr/lib/rustlib/etc"
install: copying file /work/tmp/work/aarch64-linux/rust-native/1.63.0-r0/image/work/tmp/work/corstone1000_fvp-poky-linux-musl/trusted-firmware-m/1.6.0-r0/recipe-sysroot-native/usr/lib/rustlib/etc/lldb_providers.py
$ cp /work/tmp/work/aarch64-linux/rust-native/1.63.0-r0/rustc-1.63.0-src/build/tmp/tarball/rustc/aarch64-linux-gnu/rustc-1.63.0-aarch64-linux-gnu/rustc/lib/rustlib/etc/lldb_providers.py /work/tmp/work/aarch64-linux/rust-native/1.63.0-r0/image/work/tmp/work/corstone1000_fvp-poky-linux-musl/trusted-firmware-m/1.6.0-r0/recipe-sysroot-native/usr/lib/rustlib/etc/lldb_providers.py
$ chmod 644 /work/tmp/work/aarch64-linux/rust-native/1.63.0-r0/image/work/tmp/work/corstone1000_fvp-poky-linux-musl/trusted-firmware-m/1.6.0-r0/recipe-sysroot-native/usr/lib/rustlib/etc/lldb_providers.py
$ echo "file:/work/tmp/work/aarch64-linux/rust-native/1.63.0-r0/image/work/tmp/work/corstone1000_fvp-poky-linux-musl/trusted-firmware-m/1.6.0-r0/recipe-sysroot-native/usr/lib/rustlib/etc/lldb_providers.py" >> "/work/tmp/work/aarch64-linux/rust-native/1.63.0-r0/image/work/tmp/work/corstone1000_fvp-poky-linux-musl/trusted-firmware-m/1.6.0-r0/recipe-sysroot-native/usr/lib/rustlib/manifest-rustc"
$ umask 022 && mkdir -p "/work/tmp/work/aarch64-linux/rust-native/1.63.0-r0/image/work/tmp/work/corstone1000_fvp-poky-linux-musl/trusted-firmware-m/1.6.0-r0/recipe-sysroot-native/usr/lib/rustlib/etc"
install: copying file /work/tmp/work/aarch64-linux/rust-native/1.63.0-r0/image/work/tmp/work/corstone1000_fvp-poky-linux-musl/trusted-firmware-m/1.6.0-r0/recipe-sysroot-native/usr/lib/rustlib/etc/lldb_lookup.py
$ cp /work/tmp/work/aarch64-linux/rust-native/1.63.0-r0/rustc-1.63.0-src/build/tmp/tarball/rustc/aarch64-linux-gnu/rustc-1.63.0-aarch64-linux-gnu/rustc/lib/rustlib/etc/lldb_lookup.py /work/tmp/work/aarch64-linux/rust-native/1.63.0-r0/image/work/tmp/work/corstone1000_fvp-poky-linux-musl/trusted-firmware-m/1.6.0-r0/recipe-sysroot-native/usr/lib/rustlib/etc/lldb_lookup.py
$ chmod 644 /work/tmp/work/aarch64-linux/rust-native/1.63.0-r0/image/work/tmp/work/corstone1000_fvp-poky-linux-musl/trusted-firmware-m/1.6.0-r0/recipe-sysroot-native/usr/lib/rustlib/etc/lldb_lookup.py
$ echo "file:/work/tmp/work/aarch64-linux/rust-native/1.63.0-r0/image/work/tmp/work/corstone1000_fvp-poky-linux-musl/trusted-firmware-m/1.6.0-r0/recipe-sysroot-native/usr/lib/rustlib/etc/lldb_lookup.py" >> "/work/tmp/work/aarch64-linux/rust-native/1.63.0-r0/image/work/tmp/work/corstone1000_fvp-poky-linux-musl/trusted-firmware-m/1.6.0-r0/recipe-sysroot-native/usr/lib/rustlib/manifest-rustc"
$ umask 022 && mkdir -p "/work/tmp/work/aarch64-linux/rust-native/1.63.0-r0/image/work/tmp/work/corstone1000_fvp-poky-linux-musl/trusted-firmware-m/1.6.0-r0/recipe-sysroot-native/usr/lib/rustlib/etc"
install: copying file /work/tmp/work/aarch64-linux/rust-native/1.63.0-r0/image/work/tmp/work/corstone1000_fvp-poky-linux-musl/trusted-firmware-m/1.6.0-r0/recipe-sysroot-native/usr/lib/rustlib/etc/gdb_providers.py
$ cp /work/tmp/work/aarch64-linux/rust-native/1.63.0-r0/rustc-1.63.0-src/build/tmp/tarball/rustc/aarch64-linux-gnu/rustc-1.63.0-aarch64-linux-gnu/rustc/lib/rustlib/etc/gdb_providers.py /work/tmp/work/aarch64-linux/rust-native/1.63.0-r0/image/work/tmp/work/corstone1000_fvp-poky-linux-musl/trusted-firmware-m/1.6.0-r0/recipe-sysroot-native/usr/lib/rustlib/etc/gdb_providers.py
$ chmod 644 /work/tmp/work/aarch64-linux/rust-native/1.63.0-r0/image/work/tmp/work/corstone1000_fvp-poky-linux-musl/trusted-firmware-m/1.6.0-r0/recipe-sysroot-native/usr/lib/rustlib/etc/gdb_providers.py
$ echo "file:/work/tmp/work/aarch64-linux/rust-native/1.63.0-r0/image/work/tmp/work/corstone1000_fvp-poky-linux-musl/trusted-firmware-m/1.6.0-r0/recipe-sysroot-native/usr/lib/rustlib/etc/gdb_providers.py" >> "/work/tmp/work/aarch64-linux/rust-native/1.63.0-r0/image/work/tmp/work/corstone1000_fvp-poky-linux-musl/trusted-firmware-m/1.6.0-r0/recipe-sysroot-native/usr/lib/rustlib/manifest-rustc"
$ umask 022 && mkdir -p "/work/tmp/work/aarch64-linux/rust-native/1.63.0-r0/image/work/tmp/work/corstone1000_fvp-poky-linux-musl/trusted-firmware-m/1.6.0-r0/recipe-sysroot-native/usr/lib/rustlib/etc"
install: copying file /work/tmp/work/aarch64-linux/rust-native/1.63.0-r0/image/work/tmp/work/corstone1000_fvp-poky-linux-musl/trusted-firmware-m/1.6.0-r0/recipe-sysroot-native/usr/lib/rustlib/etc/gdb_lookup.py
$ cp /work/tmp/work/aarch64-linux/rust-native/1.63.0-r0/rustc-1.63.0-src/build/tmp/tarball/rustc/aarch64-linux-gnu/rustc-1.63.0-aarch64-linux-gnu/rustc/lib/rustlib/etc/gdb_lookup.py /work/tmp/work/aarch64-linux/rust-native/1.63.0-r0/image/work/tmp/work/corstone1000_fvp-poky-linux-musl/trusted-firmware-m/1.6.0-r0/recipe-sysroot-native/usr/lib/rustlib/etc/gdb_lookup.py
$ chmod 644 /work/tmp/work/aarch64-linux/rust-native/1.63.0-r0/image/work/tmp/work/corstone1000_fvp-poky-linux-musl/trusted-firmware-m/1.6.0-r0/recipe-sysroot-native/usr/lib/rustlib/etc/gdb_lookup.py
$ echo "file:/work/tmp/work/aarch64-linux/rust-native/1.63.0-r0/image/work/tmp/work/corstone1000_fvp-poky-linux-musl/trusted-firmware-m/1.6.0-r0/recipe-sysroot-native/usr/lib/rustlib/etc/gdb_lookup.py" >> "/work/tmp/work/aarch64-linux/rust-native/1.63.0-r0/image/work/tmp/work/corstone1000_fvp-poky-linux-musl/trusted-firmware-m/1.6.0-r0/recipe-sysroot-native/usr/lib/rustlib/manifest-rustc"
$ umask 022 && mkdir -p "/work/tmp/work/aarch64-linux/rust-native/1.63.0-r0/image/work/tmp/work/corstone1000_fvp-poky-linux-musl/trusted-firmware-m/1.6.0-r0/recipe-sysroot-native/usr/lib/rustlib/etc"
install: copying file /work/tmp/work/aarch64-linux/rust-native/1.63.0-r0/image/work/tmp/work/corstone1000_fvp-poky-linux-musl/trusted-firmware-m/1.6.0-r0/recipe-sysroot-native/usr/lib/rustlib/etc/rust_types.py
$ cp /work/tmp/work/aarch64-linux/rust-native/1.63.0-r0/rustc-1.63.0-src/build/tmp/tarball/rustc/aarch64-linux-gnu/rustc-1.63.0-aarch64-linux-gnu/rustc/lib/rustlib/etc/rust_types.py /work/tmp/work/aarch64-linux/rust-native/1.63.0-r0/image/work/tmp/work/corstone1000_fvp-poky-linux-musl/trusted-firmware-m/1.6.0-r0/recipe-sysroot-native/usr/lib/rustlib/etc/rust_types.py
$ chmod 644 /work/tmp/work/aarch64-linux/rust-native/1.63.0-r0/image/work/tmp/work/corstone1000_fvp-poky-linux-musl/trusted-firmware-m/1.6.0-r0/recipe-sysroot-native/usr/lib/rustlib/etc/rust_types.py
$ echo "file:/work/tmp/work/aarch64-linux/rust-native/1.63.0-r0/image/work/tmp/work/corstone1000_fvp-poky-linux-musl/trusted-firmware-m/1.6.0-r0/recipe-sysroot-native/usr/lib/rustlib/etc/rust_types.py" >> "/work/tmp/work/aarch64-linux/rust-native/1.63.0-r0/image/work/tmp/work/corstone1000_fvp-poky-linux-musl/trusted-firmware-m/1.6.0-r0/recipe-sysroot-native/usr/lib/rustlib/manifest-rustc"
$ umask 022 && mkdir -p "/work/tmp/work/aarch64-linux/rust-native/1.63.0-r0/image/work/tmp/work/corstone1000_fvp-poky-linux-musl/trusted-firmware-m/1.6.0-r0/recipe-sysroot-native/usr/lib/rustlib/etc"
install: copying file /work/tmp/work/aarch64-linux/rust-native/1.63.0-r0/image/work/tmp/work/corstone1000_fvp-poky-linux-musl/trusted-firmware-m/1.6.0-r0/recipe-sysroot-native/usr/lib/rustlib/etc/lldb_commands
$ cp /work/tmp/work/aarch64-linux/rust-native/1.63.0-r0/rustc-1.63.0-src/build/tmp/tarball/rustc/aarch64-linux-gnu/rustc-1.63.0-aarch64-linux-gnu/rustc/lib/rustlib/etc/lldb_commands /work/tmp/work/aarch64-linux/rust-native/1.63.0-r0/image/work/tmp/work/corstone1000_fvp-poky-linux-musl/trusted-firmware-m/1.6.0-r0/recipe-sysroot-native/usr/lib/rustlib/etc/lldb_commands
$ chmod 644 /work/tmp/work/aarch64-linux/rust-native/1.63.0-r0/image/work/tmp/work/corstone1000_fvp-poky-linux-musl/trusted-firmware-m/1.6.0-r0/recipe-sysroot-native/usr/lib/rustlib/etc/lldb_commands
$ echo "file:/work/tmp/work/aarch64-linux/rust-native/1.63.0-r0/image/work/tmp/work/corstone1000_fvp-poky-linux-musl/trusted-firmware-m/1.6.0-r0/recipe-sysroot-native/usr/lib/rustlib/etc/lldb_commands" >> "/work/tmp/work/aarch64-linux/rust-native/1.63.0-r0/image/work/tmp/work/corstone1000_fvp-poky-linux-musl/trusted-firmware-m/1.6.0-r0/recipe-sysroot-native/usr/lib/rustlib/manifest-rustc"
$ umask 022 && mkdir -p "/work/tmp/work/aarch64-linux/rust-native/1.63.0-r0/image/work/tmp/work/corstone1000_fvp-poky-linux-musl/trusted-firmware-m/1.6.0-r0/recipe-sysroot-native/usr/lib/rustlib/etc"
install: copying file /work/tmp/work/aarch64-linux/rust-native/1.63.0-r0/image/work/tmp/work/corstone1000_fvp-poky-linux-musl/trusted-firmware-m/1.6.0-r0/recipe-sysroot-native/usr/lib/rustlib/etc/gdb_load_rust_pretty_printers.py
$ cp /work/tmp/work/aarch64-linux/rust-native/1.63.0-r0/rustc-1.63.0-src/build/tmp/tarball/rustc/aarch64-linux-gnu/rustc-1.63.0-aarch64-linux-gnu/rustc/lib/rustlib/etc/gdb_load_rust_pretty_printers.py /work/tmp/work/aarch64-linux/rust-native/1.63.0-r0/image/work/tmp/work/corstone1000_fvp-poky-linux-musl/trusted-firmware-m/1.6.0-r0/recipe-sysroot-native/usr/lib/rustlib/etc/gdb_load_rust_pretty_printers.py
$ chmod 644 /work/tmp/work/aarch64-linux/rust-native/1.63.0-r0/image/work/tmp/work/corstone1000_fvp-poky-linux-musl/trusted-firmware-m/1.6.0-r0/recipe-sysroot-native/usr/lib/rustlib/etc/gdb_load_rust_pretty_printers.py
$ echo "file:/work/tmp/work/aarch64-linux/rust-native/1.63.0-r0/image/work/tmp/work/corstone1000_fvp-poky-linux-musl/trusted-firmware-m/1.6.0-r0/recipe-sysroot-native/usr/lib/rustlib/etc/gdb_load_rust_pretty_printers.py" >> "/work/tmp/work/aarch64-linux/rust-native/1.63.0-r0/image/work/tmp/work/corstone1000_fvp-poky-linux-musl/trusted-firmware-m/1.6.0-r0/recipe-sysroot-native/usr/lib/rustlib/manifest-rustc"
$ umask 022 && mkdir -p "/work/tmp/work/aarch64-linux/rust-native/1.63.0-r0/image/work/tmp/work/corstone1000_fvp-poky-linux-musl/trusted-firmware-m/1.6.0-r0/recipe-sysroot-native/usr/lib"
install: copying file /work/tmp/work/aarch64-linux/rust-native/1.63.0-r0/image/work/tmp/work/corstone1000_fvp-poky-linux-musl/trusted-firmware-m/1.6.0-r0/recipe-sysroot-native/usr/lib/libtracing_attributes-9459ceb929665068.so
$ cp /work/tmp/work/aarch64-linux/rust-native/1.63.0-r0/rustc-1.63.0-src/build/tmp/tarball/rustc/aarch64-linux-gnu/rustc-1.63.0-aarch64-linux-gnu/rustc/lib/libtracing_attributes-9459ceb929665068.so /work/tmp/work/aarch64-linux/rust-native/1.63.0-r0/image/work/tmp/work/corstone1000_fvp-poky-linux-musl/trusted-firmware-m/1.6.0-r0/recipe-sysroot-native/usr/lib/libtracing_attributes-9459ceb929665068.so
$ chmod 644 /work/tmp/work/aarch64-linux/rust-native/1.63.0-r0/image/work/tmp/work/corstone1000_fvp-poky-linux-musl/trusted-firmware-m/1.6.0-r0/recipe-sysroot-native/usr/lib/libtracing_attributes-9459ceb929665068.so
$ echo "file:/work/tmp/work/aarch64-linux/rust-native/1.63.0-r0/image/work/tmp/work/corstone1000_fvp-poky-linux-musl/trusted-firmware-m/1.6.0-r0/recipe-sysroot-native/usr/lib/libtracing_attributes-9459ceb929665068.so" >> "/work/tmp/work/aarch64-linux/rust-native/1.63.0-r0/image/work/tmp/work/corstone1000_fvp-poky-linux-musl/trusted-firmware-m/1.6.0-r0/recipe-sysroot-native/usr/lib/rustlib/manifest-rustc"
$ umask 022 && mkdir -p "/work/tmp/work/aarch64-linux/rust-native/1.63.0-r0/image/work/tmp/work/corstone1000_fvp-poky-linux-musl/trusted-firmware-m/1.6.0-r0/recipe-sysroot-native/usr/lib"
install: copying file /work/tmp/work/aarch64-linux/rust-native/1.63.0-r0/image/work/tmp/work/corstone1000_fvp-poky-linux-musl/trusted-firmware-m/1.6.0-r0/recipe-sysroot-native/usr/lib/libproc_macro_hack-20b991a1bdca25a4.so
$ cp /work/tmp/work/aarch64-linux/rust-native/1.63.0-r0/rustc-1.63.0-src/build/tmp/tarball/rustc/aarch64-linux-gnu/rustc-1.63.0-aarch64-linux-gnu/rustc/lib/libproc_macro_hack-20b991a1bdca25a4.so /work/tmp/work/aarch64-linux/rust-native/1.63.0-r0/image/work/tmp/work/corstone1000_fvp-poky-linux-musl/trusted-firmware-m/1.6.0-r0/recipe-sysroot-native/usr/lib/libproc_macro_hack-20b991a1bdca25a4.so
$ chmod 644 /work/tmp/work/aarch64-linux/rust-native/1.63.0-r0/image/work/tmp/work/corstone1000_fvp-poky-linux-musl/trusted-firmware-m/1.6.0-r0/recipe-sysroot-native/usr/lib/libproc_macro_hack-20b991a1bdca25a4.so
$ echo "file:/work/tmp/work/aarch64-linux/rust-native/1.63.0-r0/image/work/tmp/work/corstone1000_fvp-poky-linux-musl/trusted-firmware-m/1.6.0-r0/recipe-sysroot-native/usr/lib/libproc_macro_hack-20b991a1bdca25a4.so" >> "/work/tmp/work/aarch64-linux/rust-native/1.63.0-r0/image/work/tmp/work/corstone1000_fvp-poky-linux-musl/trusted-firmware-m/1.6.0-r0/recipe-sysroot-native/usr/lib/rustlib/manifest-rustc"
$ umask 022 && mkdir -p "/work/tmp/work/aarch64-linux/rust-native/1.63.0-r0/image/work/tmp/work/corstone1000_fvp-poky-linux-musl/trusted-firmware-m/1.6.0-r0/recipe-sysroot-native/usr/bin"
install: copying file /work/tmp/work/aarch64-linux/rust-native/1.63.0-r0/image/work/tmp/work/corstone1000_fvp-poky-linux-musl/trusted-firmware-m/1.6.0-r0/recipe-sysroot-native/usr/bin/rustc
$ cp /work/tmp/work/aarch64-linux/rust-native/1.63.0-r0/rustc-1.63.0-src/build/tmp/tarball/rustc/aarch64-linux-gnu/rustc-1.63.0-aarch64-linux-gnu/rustc/bin/rustc /work/tmp/work/aarch64-linux/rust-native/1.63.0-r0/image/work/tmp/work/corstone1000_fvp-poky-linux-musl/trusted-firmware-m/1.6.0-r0/recipe-sysroot-native/usr/bin/rustc
$ chmod 755 /work/tmp/work/aarch64-linux/rust-native/1.63.0-r0/image/work/tmp/work/corstone1000_fvp-poky-linux-musl/trusted-firmware-m/1.6.0-r0/recipe-sysroot-native/usr/bin/rustc
$ echo "file:/work/tmp/work/aarch64-linux/rust-native/1.63.0-r0/image/work/tmp/work/corstone1000_fvp-poky-linux-musl/trusted-firmware-m/1.6.0-r0/recipe-sysroot-native/usr/bin/rustc" >> "/work/tmp/work/aarch64-linux/rust-native/1.63.0-r0/image/work/tmp/work/corstone1000_fvp-poky-linux-musl/trusted-firmware-m/1.6.0-r0/recipe-sysroot-native/usr/lib/rustlib/manifest-rustc"
$ umask 022 && mkdir -p "/work/tmp/work/aarch64-linux/rust-native/1.63.0-r0/image/work/tmp/work/corstone1000_fvp-poky-linux-musl/trusted-firmware-m/1.6.0-r0/recipe-sysroot-native/usr/bin"
install: copying file /work/tmp/work/aarch64-linux/rust-native/1.63.0-r0/image/work/tmp/work/corstone1000_fvp-poky-linux-musl/trusted-firmware-m/1.6.0-r0/recipe-sysroot-native/usr/bin/rust-gdb
$ cp /work/tmp/work/aarch64-linux/rust-native/1.63.0-r0/rustc-1.63.0-src/build/tmp/tarball/rustc/aarch64-linux-gnu/rustc-1.63.0-aarch64-linux-gnu/rustc/bin/rust-gdb /work/tmp/work/aarch64-linux/rust-native/1.63.0-r0/image/work/tmp/work/corstone1000_fvp-poky-linux-musl/trusted-firmware-m/1.6.0-r0/recipe-sysroot-native/usr/bin/rust-gdb
$ chmod 755 /work/tmp/work/aarch64-linux/rust-native/1.63.0-r0/image/work/tmp/work/corstone1000_fvp-poky-linux-musl/trusted-firmware-m/1.6.0-r0/recipe-sysroot-native/usr/bin/rust-gdb
$ echo "file:/work/tmp/work/aarch64-linux/rust-native/1.63.0-r0/image/work/tmp/work/corstone1000_fvp-poky-linux-musl/trusted-firmware-m/1.6.0-r0/recipe-sysroot-native/usr/bin/rust-gdb" >> "/work/tmp/work/aarch64-linux/rust-native/1.63.0-r0/image/work/tmp/work/corstone1000_fvp-poky-linux-musl/trusted-firmware-m/1.6.0-r0/recipe-sysroot-native/usr/lib/rustlib/manifest-rustc"
$ umask 022 && mkdir -p "/work/tmp/work/aarch64-linux/rust-native/1.63.0-r0/image/work/tmp/work/corstone1000_fvp-poky-linux-musl/trusted-firmware-m/1.6.0-r0/recipe-sysroot-native/usr/bin"
install: copying file /work/tmp/work/aarch64-linux/rust-native/1.63.0-r0/image/work/tmp/work/corstone1000_fvp-poky-linux-musl/trusted-firmware-m/1.6.0-r0/recipe-sysroot-native/usr/bin/rust-gdbgui
$ cp /work/tmp/work/aarch64-linux/rust-native/1.63.0-r0/rustc-1.63.0-src/build/tmp/tarball/rustc/aarch64-linux-gnu/rustc-1.63.0-aarch64-linux-gnu/rustc/bin/rust-gdbgui /work/tmp/work/aarch64-linux/rust-native/1.63.0-r0/image/work/tmp/work/corstone1000_fvp-poky-linux-musl/trusted-firmware-m/1.6.0-r0/recipe-sysroot-native/usr/bin/rust-gdbgui
$ chmod 755 /work/tmp/work/aarch64-linux/rust-native/1.63.0-r0/image/work/tmp/work/corstone1000_fvp-poky-linux-musl/trusted-firmware-m/1.6.0-r0/recipe-sysroot-native/usr/bin/rust-gdbgui
$ echo "file:/work/tmp/work/aarch64-linux/rust-native/1.63.0-r0/image/work/tmp/work/corstone1000_fvp-poky-linux-musl/trusted-firmware-m/1.6.0-r0/recipe-sysroot-native/usr/bin/rust-gdbgui" >> "/work/tmp/work/aarch64-linux/rust-native/1.63.0-r0/image/work/tmp/work/corstone1000_fvp-poky-linux-musl/trusted-firmware-m/1.6.0-r0/recipe-sysroot-native/usr/lib/rustlib/manifest-rustc"
$ umask 022 && mkdir -p "/work/tmp/work/aarch64-linux/rust-native/1.63.0-r0/image/work/tmp/work/corstone1000_fvp-poky-linux-musl/trusted-firmware-m/1.6.0-r0/recipe-sysroot-native/usr/bin"
install: copying file /work/tmp/work/aarch64-linux/rust-native/1.63.0-r0/image/work/tmp/work/corstone1000_fvp-poky-linux-musl/trusted-firmware-m/1.6.0-r0/recipe-sysroot-native/usr/bin/rust-lldb
$ cp /work/tmp/work/aarch64-linux/rust-native/1.63.0-r0/rustc-1.63.0-src/build/tmp/tarball/rustc/aarch64-linux-gnu/rustc-1.63.0-aarch64-linux-gnu/rustc/bin/rust-lldb /work/tmp/work/aarch64-linux/rust-native/1.63.0-r0/image/work/tmp/work/corstone1000_fvp-poky-linux-musl/trusted-firmware-m/1.6.0-r0/recipe-sysroot-native/usr/bin/rust-lldb
$ chmod 755 /work/tmp/work/aarch64-linux/rust-native/1.63.0-r0/image/work/tmp/work/corstone1000_fvp-poky-linux-musl/trusted-firmware-m/1.6.0-r0/recipe-sysroot-native/usr/bin/rust-lldb
$ echo "file:/work/tmp/work/aarch64-linux/rust-native/1.63.0-r0/image/work/tmp/work/corstone1000_fvp-poky-linux-musl/trusted-firmware-m/1.6.0-r0/recipe-sysroot-native/usr/bin/rust-lldb" >> "/work/tmp/work/aarch64-linux/rust-native/1.63.0-r0/image/work/tmp/work/corstone1000_fvp-poky-linux-musl/trusted-firmware-m/1.6.0-r0/recipe-sysroot-native/usr/lib/rustlib/manifest-rustc"
$ umask 022 && mkdir -p "/work/tmp/work/aarch64-linux/rust-native/1.63.0-r0/image/work/tmp/work/corstone1000_fvp-poky-linux-musl/trusted-firmware-m/1.6.0-r0/recipe-sysroot-native/usr/bin"
install: copying file /work/tmp/work/aarch64-linux/rust-native/1.63.0-r0/image/work/tmp/work/corstone1000_fvp-poky-linux-musl/trusted-firmware-m/1.6.0-r0/recipe-sysroot-native/usr/bin/rustdoc
$ cp /work/tmp/work/aarch64-linux/rust-native/1.63.0-r0/rustc-1.63.0-src/build/tmp/tarball/rustc/aarch64-linux-gnu/rustc-1.63.0-aarch64-linux-gnu/rustc/bin/rustdoc /work/tmp/work/aarch64-linux/rust-native/1.63.0-r0/image/work/tmp/work/corstone1000_fvp-poky-linux-musl/trusted-firmware-m/1.6.0-r0/recipe-sysroot-native/usr/bin/rustdoc
$ chmod 755 /work/tmp/work/aarch64-linux/rust-native/1.63.0-r0/image/work/tmp/work/corstone1000_fvp-poky-linux-musl/trusted-firmware-m/1.6.0-r0/recipe-sysroot-native/usr/bin/rustdoc
$ echo "file:/work/tmp/work/aarch64-linux/rust-native/1.63.0-r0/image/work/tmp/work/corstone1000_fvp-poky-linux-musl/trusted-firmware-m/1.6.0-r0/recipe-sysroot-native/usr/bin/rustdoc" >> "/work/tmp/work/aarch64-linux/rust-native/1.63.0-r0/image/work/tmp/work/corstone1000_fvp-poky-linux-musl/trusted-firmware-m/1.6.0-r0/recipe-sysroot-native/usr/lib/rustlib/manifest-rustc"
