Compiling the C compiler identification source file "CMakeCCompilerId.c" failed.
Compiler: /work/tmp/work/corstone1000_fvp-poky-linux-musl/trusted-firmware-m/1.6.0-r0/recipe-sysroot-native/usr/bin/arm-none-eabi-gcc 
Build flags: -mcpu=cortex-m0plus
Id flags:  

The output was:
1
/work/tmp/work/corstone1000_fvp-poky-linux-musl/trusted-firmware-m/1.6.0-r0/recipe-sysroot-native/usr/libexec/gcc-arm-none-eabi/bin/../lib/gcc/arm-none-eabi/11.2.1/../../../../arm-none-eabi/bin/ld: /work/tmp/work/corstone1000_fvp-poky-linux-musl/trusted-firmware-m/1.6.0-r0/recipe-sysroot-native/usr/libexec/gcc-arm-none-eabi/bin/../lib/gcc/arm-none-eabi/11.2.1/../../../../arm-none-eabi/lib/thumb/v6-m/nofp/libc.a(lib_a-exit.o): in function `exit':
/data/jenkins/workspace/GNU-toolchain/arm-11/src/newlib-cygwin/newlib/libc/stdlib/exit.c:64: undefined reference to `_exit'
collect2: error: ld returned 1 exit status


Performing C SOURCE FILE Test C_COMPILER_SUPPORTS_WFORMAT_SIGNEDNESS failed with the following output:
Change Dir: /work/tmp/work/corstone1000_fvp-poky-linux-musl/trusted-firmware-m/1.6.0-r0/build/CMakeFiles/CMakeTmp

Run Build Command(s):/work/tmp/work/corstone1000_fvp-poky-linux-musl/trusted-firmware-m/1.6.0-r0/recipe-sysroot-native/usr/bin/ninja cmTC_7bfac && [1/2] Building C object CMakeFiles/cmTC_7bfac.dir/src.o
[2/2] Linking C executable cmTC_7bfac
FAILED: cmTC_7bfac 
: && /work/tmp/work/corstone1000_fvp-poky-linux-musl/trusted-firmware-m/1.6.0-r0/recipe-sysroot-native/usr/bin/arm-none-eabi-gcc -mcpu=cortex-m0plus -Wall -Wextra -Wwrite-strings -Wformat=2 -Wno-format-nonliteral -Wvla -Wlogical-op -Wshadow  CMakeFiles/cmTC_7bfac.dir/src.o -o cmTC_7bfac   && :
/work/tmp/work/corstone1000_fvp-poky-linux-musl/trusted-firmware-m/1.6.0-r0/recipe-sysroot-native/usr/libexec/gcc-arm-none-eabi/bin/../lib/gcc/arm-none-eabi/11.2.1/../../../../arm-none-eabi/bin/ld: /work/tmp/work/corstone1000_fvp-poky-linux-musl/trusted-firmware-m/1.6.0-r0/recipe-sysroot-native/usr/libexec/gcc-arm-none-eabi/bin/../lib/gcc/arm-none-eabi/11.2.1/../../../../arm-none-eabi/lib/thumb/v6-m/nofp/libc.a(lib_a-exit.o): in function `exit':
/data/jenkins/workspace/GNU-toolchain/arm-11/src/newlib-cygwin/newlib/libc/stdlib/exit.c:64: undefined reference to `_exit'
collect2: error: ld returned 1 exit status
ninja: build stopped: subcommand failed.


Source file was:
int main(void) { return 0; }
