The target system is: Generic -  - cortex-m0plus
The host system is: Linux - 6.8.0-1047-raspi - aarch64
Compiling the C compiler identification source file "CMakeCCompilerId.c" succeeded.
Compiler: /work/tmp/work/corstone1000_fvp-poky-linux-musl/trusted-firmware-m/1.6.0-r0/recipe-sysroot-native/usr/bin/arm-none-eabi-gcc 
Build flags: -mcpu=cortex-m0plus
Id flags: -c 

The output was:
0


Compilation of the C compiler identification source "CMakeCCompilerId.c" produced "CMakeCCompilerId.o"

The C compiler identification is GNU, found in "/work/tmp/work/corstone1000_fvp-poky-linux-musl/trusted-firmware-m/1.6.0-r0/build/CMakeFiles/3.24.0/CompilerIdC/CMakeCCompilerId.o"

Checking whether the ASM compiler is GNU using "--version" matched "(GNU assembler)|(GCC)|(Free Software Foundation)":
arm-none-eabi-gcc (GNU Toolchain for the Arm Architecture 11.2-2022.02 (arm-11.16)) 11.2.1 20220111
Copyright (C) 2021 Free Software Foundation, Inc.
This is free software; see the source for copying conditions.  There is NO
warranty; not even for MERCHANTABILITY or FITNESS FOR A PARTICULAR PURPOSE.

Determining if files stdatomic.h exist passed with the following output:
Change Dir: /work/tmp/work/corstone1000_fvp-poky-linux-musl/trusted-firmware-m/1.6.0-r0/build/CMakeFiles/CMakeTmp

Run Build Command(s):/work/tmp/work/corstone1000_fvp-poky-linux-musl/trusted-firmware-m/1.6.0-r0/recipe-sysroot-native/usr/bin/ninja cmTC_3fb7e && [1/2] Building C object CMakeFiles/cmTC_3fb7e.dir/HAVE_STDATOMIC_H.o
[2/2] Linking C executable cmTC_3fb7e
arm-none-eabi-gcc: warning: CMakeFiles/cmTC_3fb7e.dir/HAVE_STDATOMIC_H.o: linker input file unused because linking not done



Determining if files fcntl.h exist passed with the following output:
Change Dir: /work/tmp/work/corstone1000_fvp-poky-linux-musl/trusted-firmware-m/1.6.0-r0/build/CMakeFiles/CMakeTmp

Run Build Command(s):/work/tmp/work/corstone1000_fvp-poky-linux-musl/trusted-firmware-m/1.6.0-r0/recipe-sysroot-native/usr/bin/ninja cmTC_f8214 && [1/2] Building C object CMakeFiles/cmTC_f8214.dir/HAVE_FCNTL_H.o
[2/2] Linking C executable cmTC_f8214
arm-none-eabi-gcc: warning: CMakeFiles/cmTC_f8214.dir/HAVE_FCNTL_H.o: linker input file unused because linking not done



